生成启动时间为 2016/1/15 星期五 21:20:59。
     1>项目“D:\GitProjects\UnicodeFileLib\CallLibProj\CallLibProj.vcxproj”在节点 2 上(Build 个目标)。
     1>ClCompile:
         D:\Program Files (x86)\Microsoft Visual Studio 14.0\VC\bin\CL.exe /c /ZI /nologo /W3 /WX- /sdl /Od /Oy- /D WIN32 /D _DEBUG /D _CONSOLE /D _UNICODE /D UNICODE /Gm /EHsc /RTC1 /MTd /GS /fp:precise /Zc:wchar_t /Zc:forScope /Zc:inline /Yu"stdafx.h" /Fp"Debug\CallLibProj.pch" /Fo"Debug\\" /Fd"Debug\vc140.pdb" /Gd /TP /analyze- /errorReport:prompt CallLibProj.cpp
         CallLibProj.cpp
     1>d:\gitprojects\unicodefilelib\calllibproj\unicodefile.h(16): error C3646: “Load”: 未知重写说明符
     1>d:\gitprojects\unicodefilelib\calllibproj\unicodefile.h(16): error C2059: 语法错误:“(”
     1>d:\gitprojects\unicodefilelib\calllibproj\unicodefile.h(16): error C2238: 意外的标记位于“;”之前
     1>d:\gitprojects\unicodefilelib\calllibproj\unicodefile.h(17): error C3646: “Release”: 未知重写说明符
     1>d:\gitprojects\unicodefilelib\calllibproj\unicodefile.h(17): error C2059: 语法错误:“(”
     1>d:\gitprojects\unicodefilelib\calllibproj\unicodefile.h(17): error C2238: 意外的标记位于“;”之前
     1>d:\gitprojects\unicodefilelib\calllibproj\unicodefile.h(19): error C3646: “CheckUnicodeFile”: 未知重写说明符
     1>d:\gitprojects\unicodefilelib\calllibproj\unicodefile.h(19): error C2059: 语法错误:“(”
     1>d:\gitprojects\unicodefilelib\calllibproj\unicodefile.h(19): error C2238: 意外的标记位于“;”之前
     1>d:\gitprojects\unicodefilelib\calllibproj\unicodefile.h(21): error C3646: “SkipUnicodeFlag”: 未知重写说明符
     1>d:\gitprojects\unicodefilelib\calllibproj\unicodefile.h(21): error C2059: 语法错误:“(”
     1>d:\gitprojects\unicodefilelib\calllibproj\unicodefile.h(21): error C2238: 意外的标记位于“;”之前
     1>d:\gitprojects\unicodefilelib\calllibproj\unicodefile.h(22): error C3646: “SetUnicodeFlag”: 未知重写说明符
     1>d:\gitprojects\unicodefilelib\calllibproj\unicodefile.h(22): error C2059: 语法错误:“(”
     1>d:\gitprojects\unicodefilelib\calllibproj\unicodefile.h(22): error C2238: 意外的标记位于“;”之前
     1>d:\gitprojects\unicodefilelib\calllibproj\unicodefile.h(24): error C3646: “Delete”: 未知重写说明符
     1>d:\gitprojects\unicodefilelib\calllibproj\unicodefile.h(24): error C2065: “fileDel”: 未声明的标识符
     1>d:\gitprojects\unicodefilelib\calllibproj\unicodefile.h(24): error C2275: “CUnicodeFile”: 将此类型用作表达式非法
     1>d:\gitprojects\unicodefilelib\calllibproj\unicodefile.h(24): error C2096: "BOOL": 无法使用带括号的初始值设定项初始化数据成员
     1>d:\gitprojects\unicodefilelib\calllibproj\unicodefile.h(24): error C4430: 缺少类型说明符 - 假定为 int。注意: C++ 不支持默认 int
     1>d:\gitprojects\unicodefilelib\calllibproj\unicodefile.h(24): error C2864: “CUnicodeFile::BOOL”: 带有类内初始值设定项的静态数据成员必须具有不可变的常量整型
         d:\gitprojects\unicodefilelib\calllibproj\unicodefile.h(24): note: 类型是“int”
     1>d:\gitprojects\unicodefilelib\calllibproj\unicodefile.h(25): error C3646: “Delete”: 未知重写说明符
     1>d:\gitprojects\unicodefilelib\calllibproj\unicodefile.h(25): error C2065: “CString”: 未声明的标识符
     1>d:\gitprojects\unicodefilelib\calllibproj\unicodefile.h(25): error C2146: 语法错误: 缺少“)”(在标识符“strFileName”的前面)
     1>d:\gitprojects\unicodefilelib\calllibproj\unicodefile.h(25): error C2238: 意外的标记位于“;”之前
     1>d:\gitprojects\unicodefilelib\calllibproj\unicodefile.h(27): error C3646: “GetFileName”: 未知重写说明符
     1>d:\gitprojects\unicodefilelib\calllibproj\unicodefile.h(27): error C2059: 语法错误:“(”
     1>d:\gitprojects\unicodefilelib\calllibproj\unicodefile.h(27): error C2238: 意外的标记位于“;”之前
     1>d:\gitprojects\unicodefilelib\calllibproj\unicodefile.h(28): error C3646: “GetFileNameExt”: 未知重写说明符
     1>d:\gitprojects\unicodefilelib\calllibproj\unicodefile.h(28): error C2059: 语法错误:“(”
     1>d:\gitprojects\unicodefilelib\calllibproj\unicodefile.h(28): error C2238: 意外的标记位于“;”之前
     1>d:\gitprojects\unicodefilelib\calllibproj\unicodefile.h(30): error C2061: 语法错误: 标识符“VOID”
     1>d:\gitprojects\unicodefilelib\calllibproj\unicodefile.h(32): error C3646: “SetFlag”: 未知重写说明符
     1>d:\gitprojects\unicodefilelib\calllibproj\unicodefile.h(32): error C2059: 语法错误:“(”
     1>d:\gitprojects\unicodefilelib\calllibproj\unicodefile.h(32): error C2238: 意外的标记位于“;”之前
     1>d:\gitprojects\unicodefilelib\calllibproj\unicodefile.h(33): error C3646: “GetFlag”: 未知重写说明符
     1>d:\gitprojects\unicodefilelib\calllibproj\unicodefile.h(33): error C2059: 语法错误:“(”
     1>d:\gitprojects\unicodefilelib\calllibproj\unicodefile.h(33): error C2238: 意外的标记位于“;”之前
     1>d:\gitprojects\unicodefilelib\calllibproj\unicodefile.h(35): error C3646: “ReadLine”: 未知重写说明符
     1>d:\gitprojects\unicodefilelib\calllibproj\unicodefile.h(35): error C2059: 语法错误:“(”
     1>d:\gitprojects\unicodefilelib\calllibproj\unicodefile.h(35): error C2238: 意外的标记位于“;”之前
     1>d:\gitprojects\unicodefilelib\calllibproj\unicodefile.h(37): error C3646: “WriteLine”: 未知重写说明符
     1>d:\gitprojects\unicodefilelib\calllibproj\unicodefile.h(37): error C2059: 语法错误:“(”
     1>d:\gitprojects\unicodefilelib\calllibproj\unicodefile.h(37): error C2238: 意外的标记位于“;”之前
     1>d:\gitprojects\unicodefilelib\calllibproj\unicodefile.h(39): error C3646: “WriteSet”: 未知重写说明符
     1>d:\gitprojects\unicodefilelib\calllibproj\unicodefile.h(39): error C2059: 语法错误:“(”
     1>d:\gitprojects\unicodefilelib\calllibproj\unicodefile.h(39): error C2065: “CString”: 未声明的标识符
     1>d:\gitprojects\unicodefilelib\calllibproj\unicodefile.h(39): error C2923: “std::set”: 对于参数“_Kty”，“CString”不是有效的 模板 类型变量
     1>d:\gitprojects\unicodefilelib\calllibproj\unicodefile.h(39): error C2238: 意外的标记位于“;”之前
     1>d:\gitprojects\unicodefilelib\calllibproj\unicodefile.h(41): error C3646: “WriteLineEnd”: 未知重写说明符
     1>d:\gitprojects\unicodefilelib\calllibproj\unicodefile.h(41): error C2059: 语法错误:“(”
     1>d:\gitprojects\unicodefilelib\calllibproj\unicodefile.h(41): error C2238: 意外的标记位于“;”之前
     1>d:\gitprojects\unicodefilelib\calllibproj\unicodefile.h(43): error C2061: 语法错误: 标识符“LONG”
     1>d:\gitprojects\unicodefilelib\calllibproj\unicodefile.h(44): error C3646: “TellOffset”: 未知重写说明符
     1>d:\gitprojects\unicodefilelib\calllibproj\unicodefile.h(44): error C2059: 语法错误:“(”
     1>d:\gitprojects\unicodefilelib\calllibproj\unicodefile.h(44): error C2238: 意外的标记位于“;”之前
     1>d:\gitprojects\unicodefilelib\calllibproj\unicodefile.h(46): error C3646: “WriteAWord”: 未知重写说明符
     1>d:\gitprojects\unicodefilelib\calllibproj\unicodefile.h(46): error C2059: 语法错误:“(”
     1>d:\gitprojects\unicodefilelib\calllibproj\unicodefile.h(46): error C2238: 意外的标记位于“;”之前
     1>d:\gitprojects\unicodefilelib\calllibproj\unicodefile.h(47): error C3646: “ReadAWord”: 未知重写说明符
     1>d:\gitprojects\unicodefilelib\calllibproj\unicodefile.h(47): error C2059: 语法错误:“(”
     1>d:\gitprojects\unicodefilelib\calllibproj\unicodefile.h(47): error C2238: 意外的标记位于“;”之前
     1>d:\gitprojects\unicodefilelib\calllibproj\unicodefile.h(52): error C3646: “Flush”: 未知重写说明符
     1>d:\gitprojects\unicodefilelib\calllibproj\unicodefile.h(52): error C2059: 语法错误:“(”
     1>d:\gitprojects\unicodefilelib\calllibproj\unicodefile.h(52): error C2238: 意外的标记位于“;”之前
     1>d:\gitprojects\unicodefilelib\calllibproj\unicodefile.h(53): error C3646: “GetFileAsBuffer”: 未知重写说明符
     1>d:\gitprojects\unicodefilelib\calllibproj\unicodefile.h(53): error C2059: 语法错误:“(”
     1>d:\gitprojects\unicodefilelib\calllibproj\unicodefile.h(53): error C2238: 意外的标记位于“;”之前
     1>d:\gitprojects\unicodefilelib\calllibproj\unicodefile.h(57): error C3646: “m_fileOperateFlag”: 未知重写说明符
     1>d:\gitprojects\unicodefilelib\calllibproj\unicodefile.h(57): error C4430: 缺少类型说明符 - 假定为 int。注意: C++ 不支持默认 int
     1>d:\gitprojects\unicodefilelib\calllibproj\unicodefile.h(61): error C3646: “m_strFileName”: 未知重写说明符
     1>d:\gitprojects\unicodefilelib\calllibproj\unicodefile.h(61): error C4430: 缺少类型说明符 - 假定为 int。注意: C++ 不支持默认 int
     1>d:\gitprojects\unicodefilelib\calllibproj\unicodefile.h(63): error C3646: “m_strFileNameExt”: 未知重写说明符
     1>d:\gitprojects\unicodefilelib\calllibproj\unicodefile.h(63): error C4430: 缺少类型说明符 - 假定为 int。注意: C++ 不支持默认 int
     1>d:\gitprojects\unicodefilelib\calllibproj\calllibproj.cpp(12): error C2039: “Load”: 不是“CUnicodeFile”的成员
         d:\gitprojects\unicodefilelib\calllibproj\unicodefile.h(11): note: 参见“CUnicodeFile”的声明
     1>d:\gitprojects\unicodefilelib\calllibproj\calllibproj.cpp(13): error C2039: “SetUnicodeFlag”: 不是“CUnicodeFile”的成员
         d:\gitprojects\unicodefilelib\calllibproj\unicodefile.h(11): note: 参见“CUnicodeFile”的声明
     1>d:\gitprojects\unicodefilelib\calllibproj\calllibproj.cpp(14): error C2039: “WriteLine”: 不是“CUnicodeFile”的成员
         d:\gitprojects\unicodefilelib\calllibproj\unicodefile.h(11): note: 参见“CUnicodeFile”的声明
     1>d:\gitprojects\unicodefilelib\calllibproj\calllibproj.cpp(15): error C2039: “WriteLineEnd”: 不是“CUnicodeFile”的成员
         d:\gitprojects\unicodefilelib\calllibproj\unicodefile.h(11): note: 参见“CUnicodeFile”的声明
     1>d:\gitprojects\unicodefilelib\calllibproj\calllibproj.cpp(16): error C2039: “Release”: 不是“CUnicodeFile”的成员
         d:\gitprojects\unicodefilelib\calllibproj\unicodefile.h(11): note: 参见“CUnicodeFile”的声明
     1>已完成生成项目“D:\GitProjects\UnicodeFileLib\CallLibProj\CallLibProj.vcxproj”(Build 个目标)的操作 - 失败。

生成失败。

已用时间 00:00:00.57
